#
# There is insufficient memory for the Java Runtime Environment to continue.
# Native memory allocation (mmap) failed to map 100663296 bytes. Error detail: G1 virtual space
# Possible reasons:
#   The system is out of physical RAM or swap space
#   This process is running with CompressedOops enabled, and the Java Heap may be blocking the growth of the native heap
# Possible solutions:
#   Reduce memory load on the system
#   Increase physical memory or swap space
#   Check if swap backing store is full
#   Decrease Java heap size (-Xmx/-Xms)
#   Decrease number of Java threads
#   Decrease Java thread stack sizes (-Xss)
#   Set larger code cache with -XX:ReservedCodeCacheSize=
#   JVM is running with Zero Based Compressed Oops mode in which the Java heap is
#     placed in the first 32GB address space. The Java Heap base address is the
#     maximum limit for the native heap growth. Please use -XX:HeapBaseMinAddress
#     to set the Java Heap base and to place the Java Heap above 32GB virtual address.
# This output file may be truncated or incomplete.
#
#  Out of Memory Error (os_windows.cpp:3703), pid=14352, tid=28336
#
# JRE version: Java(TM) SE Runtime Environment (23.0+37) (build 23+37-2369)
# Java VM: Java HotSpot(TM) 64-Bit Server VM (23+37-2369, mixed mode, emulated-client, sharing, tiered, compressed oops, compressed class ptrs, g1 gc, windows-amd64)
# No core dump will be written. Minidumps are not enabled by default on client versions of Windows
#

---------------  S U M M A R Y ------------

Command Line: -XX:TieredStopAtLevel=1 -Dspring.output.ansi.enabled=always -Dcom.sun.management.jmxremote -Dspring.jmx.enabled=true -Dspring.liveBeansView.mbeanDomain -Dspring.application.admin.enabled=true -Dmanagement.endpoints.jmx.exposure.include=* -javaagent:C:\Program Files\JetBrains\IntelliJ IDEA 2025.3.3\lib\idea_rt.jar=59337 -Dfile.encoding=UTF-8 -Dsun.stdout.encoding=UTF-8 -Dsun.stderr.encoding=UTF-8 demo.ticket_app.TicketAppApplication

Host: 11th Gen Intel(R) Core(TM) i5-11400H @ 2.70GHz, 12 cores, 15G,  Windows 11 , 64 bit Build 26100 (10.0.26100.7920)
Time: Thu Apr  2 12:36:50 2026 SE Asia Standard Time elapsed time: 4.592040 seconds (0d 0h 0m 4s)

---------------  T H R E A D  ---------------

Current thread (0x00000210a3b39980):  VMThread "VM Thread"          [id=28336, stack(0x00000049e4a00000,0x00000049e4b00000) (1024K)]

Stack: [0x00000049e4a00000,0x00000049e4b00000]
Native frames: (J=compiled Java code, j=interpreted, Vv=VM code, C=native code)
V  [jvm.dll+0x6e08a9]  (no source info available)
V  [jvm.dll+0x87da63]  (no source info available)
V  [jvm.dll+0x87feee]  (no source info available)
V  [jvm.dll+0x8805c3]  (no source info available)
V  [jvm.dll+0x27aee6]  (no source info available)
V  [jvm.dll+0x6dd1b5]  (no source info available)
V  [jvm.dll+0x6d103a]  (no source info available)
V  [jvm.dll+0x35b3ea]  (no source info available)
V  [jvm.dll+0x3637f6]  (no source info available)
V  [jvm.dll+0x34fd5e]  (no source info available)
V  [jvm.dll+0x34fff8]  (no source info available)
V  [jvm.dll+0x3289cc]  (no source info available)
V  [jvm.dll+0x328a5a]  (no source info available)
V  [jvm.dll+0x374c92]  (no source info available)
V  [jvm.dll+0x373392]  (no source info available)
V  [jvm.dll+0x3281a7]  (no source info available)
V  [jvm.dll+0x372b44]  (no source info available)
V  [jvm.dll+0x886500]  (no source info available)
V  [jvm.dll+0x887827]  (no source info available)
V  [jvm.dll+0x887d58]  (no source info available)
V  [jvm.dll+0x887ff3]  (no source info available)
V  [jvm.dll+0x824f1b]  (no source info available)
V  [jvm.dll+0x6df055]  (no source info available)
C  [ucrtbase.dll+0x37b0]  (no source info available)
C  [KERNEL32.DLL+0x2e8d7]  (no source info available)
C  [ntdll.dll+0x8c48c]  (no source info available)

VM_Operation (0x00000049e43f9190): G1CollectForAllocation, mode: safepoint, requested by thread 0x0000021090b265c0


---------------  P R O C E S S  ---------------

Threads class SMR info:
_java_thread_list=0x00000210ee947390, length=21, elements={
0x0000021090b265c0, 0x00000210a3b4cb20, 0x00000210a3b4e590, 0x00000210a65f83e0,
0x00000210a65f90c0, 0x00000210a65f9b20, 0x00000210a6602590, 0x00000210a66188a0,
0x00000210a6709e10, 0x00000210a66ac3c0, 0x00000210a6879f20, 0x00000210a687f420,
0x00000210ec23e5a0, 0x00000210ec243430, 0x00000210ec4a7340, 0x00000210ec4bb1b0,
0x00000210ec536f10, 0x00000210ec545490, 0x00000210ee089e70, 0x00000210ee087080,
0x00000210ee089150
}

Java Threads: ( => current thread )
  0x0000021090b265c0 JavaThread "main"                              [_thread_blocked, id=21764, stack(0x00000049e4300000,0x00000049e4400000) (1024K)]
  0x00000210a3b4cb20 JavaThread "Reference Handler"          daemon [_thread_blocked, id=29044, stack(0x00000049e4b00000,0x00000049e4c00000) (1024K)]
  0x00000210a3b4e590 JavaThread "Finalizer"                  daemon [_thread_blocked, id=26928, stack(0x00000049e4c00000,0x00000049e4d00000) (1024K)]
  0x00000210a65f83e0 JavaThread "Signal Dispatcher"          daemon [_thread_blocked, id=28324, stack(0x00000049e4d00000,0x00000049e4e00000) (1024K)]
  0x00000210a65f90c0 JavaThread "Attach Listener"            daemon [_thread_blocked, id=28396, stack(0x00000049e4e00000,0x00000049e4f00000) (1024K)]
  0x00000210a65f9b20 JavaThread "Service Thread"             daemon [_thread_blocked, id=29412, stack(0x00000049e4f00000,0x00000049e5000000) (1024K)]
  0x00000210a6602590 JavaThread "Monitor Deflation Thread"   daemon [_thread_blocked, id=29308, stack(0x00000049e5000000,0x00000049e5100000) (1024K)]
  0x00000210a66188a0 JavaThread "C1 CompilerThread0"         daemon [_thread_blocked, id=20052, stack(0x00000049e5100000,0x00000049e5200000) (1024K)]
  0x00000210a6709e10 JavaThread "Common-Cleaner"             daemon [_thread_blocked, id=29348, stack(0x00000049e5200000,0x00000049e5300000) (1024K)]
  0x00000210a66ac3c0 JavaThread "C1 CompilerThread1"         daemon [_thread_blocked, id=28888, stack(0x00000049e5300000,0x00000049e5400000) (1024K)]
  0x00000210a6879f20 JavaThread "C1 CompilerThread2"         daemon [_thread_blocked, id=12312, stack(0x00000049e5400000,0x00000049e5500000) (1024K)]
  0x00000210a687f420 JavaThread "C1 CompilerThread3"         daemon [_thread_blocked, id=20172, stack(0x00000049e5500000,0x00000049e5600000) (1024K)]
  0x00000210ec23e5a0 JavaThread "Monitor Ctrl-Break"         daemon [_thread_in_native, id=5652, stack(0x00000049e5600000,0x00000049e5700000) (1024K)]
  0x00000210ec243430 JavaThread "Notification Thread"        daemon [_thread_blocked, id=6892, stack(0x00000049e5700000,0x00000049e5800000) (1024K)]
  0x00000210ec4a7340 JavaThread "RMI TCP Accept-0"           daemon [_thread_in_native, id=29564, stack(0x00000049e5800000,0x00000049e5900000) (1024K)]
  0x00000210ec4bb1b0 JavaThread "RMI TCP Connection(1)-10.10.114.139" daemon [_thread_in_native, id=21548, stack(0x00000049e5900000,0x00000049e5a00000) (1024K)]
  0x00000210ec536f10 JavaThread "RMI Scheduler(0)"           daemon [_thread_blocked, id=29676, stack(0x00000049e5a00000,0x00000049e5b00000) (1024K)]
  0x00000210ec545490 JavaThread "JMX server connection timeout 26" daemon [_thread_blocked, id=22376, stack(0x00000049e5b00000,0x00000049e5c00000) (1024K)]
  0x00000210ee089e70 JavaThread "Cleaner-0"                  daemon [_thread_blocked, id=29440, stack(0x00000049e6800000,0x00000049e6900000) (1024K)]
  0x00000210ee087080 JavaThread "HikariPool-1:housekeeper"   daemon [_thread_blocked, id=25108, stack(0x00000049e6900000,0x00000049e6a00000) (1024K)]
  0x00000210ee089150 JavaThread "HikariPool-1:connection-adder" daemon [_thread_blocked, id=19244, stack(0x00000049e6a00000,0x00000049e6b00000) (1024K)]
Total: 21

Other Threads:
=>0x00000210a3b39980 VMThread "VM Thread"                           [id=28336, stack(0x00000049e4a00000,0x00000049e4b00000) (1024K)]
  0x00000210a3b262a0 WatcherThread "VM Periodic Task Thread"        [id=29228, stack(0x00000049e4900000,0x00000049e4a00000) (1024K)]
  0x0000021092e75cf0 WorkerThread "GC Thread#0"                     [id=29216, stack(0x00000049e4400000,0x00000049e4500000) (1024K)]
  0x00000210ec57d300 WorkerThread "GC Thread#1"                     [id=23576, stack(0x00000049e5c00000,0x00000049e5d00000) (1024K)]
  0x00000210ec57d6b0 WorkerThread "GC Thread#2"                     [id=25748, stack(0x00000049e5d00000,0x00000049e5e00000) (1024K)]
  0x00000210ec581e70 WorkerThread "GC Thread#3"                     [id=8952, stack(0x00000049e5e00000,0x00000049e5f00000) (1024K)]
  0x00000210ec583440 WorkerThread "GC Thread#4"                     [id=20136, stack(0x00000049e5f00000,0x00000049e6000000) (1024K)]
  0x00000210ec5837f0 WorkerThread "GC Thread#5"                     [id=27860, stack(0x00000049e6000000,0x00000049e6100000) (1024K)]
  0x00000210ec5b57a0 WorkerThread "GC Thread#6"                     [id=13100, stack(0x00000049e6100000,0x00000049e6200000) (1024K)]
  0x00000210ec5c2cb0 WorkerThread "GC Thread#7"                     [id=21748, stack(0x00000049e6200000,0x00000049e6300000) (1024K)]
  0x00000210ec5c3060 WorkerThread "GC Thread#8"                     [id=27768, stack(0x00000049e6300000,0x00000049e6400000) (1024K)]
  0x00000210ec5c3410 WorkerThread "GC Thread#9"                     [id=15560, stack(0x00000049e6400000,0x00000049e6500000) (1024K)]
  0x0000021092e86bf0 ConcurrentGCThread "G1 Main Marker"            [id=29568, stack(0x00000049e4500000,0x00000049e4600000) (1024K)]
  0x00000210a3993070 WorkerThread "G1 Conc#0"                       [id=29668, stack(0x00000049e4600000,0x00000049e4700000) (1024K)]
  0x00000210ecf09710 WorkerThread "G1 Conc#1"                       [id=20896, stack(0x00000049e6600000,0x00000049e6700000) (1024K)]
  0x00000210ecf08fb0 WorkerThread "G1 Conc#2"                       [id=26660, stack(0x00000049e6700000,0x00000049e6800000) (1024K)]
  0x00000210a39f8130 ConcurrentGCThread "G1 Refine#0"               [id=28156, stack(0x00000049e4700000,0x00000049e4800000) (1024K)]
  0x00000210a39f8a60 ConcurrentGCThread "G1 Service"                [id=28112, stack(0x00000049e4800000,0x00000049e4900000) (1024K)]
Total: 18

Threads with active compile tasks:
Total: 0

VM state: at safepoint (normal execution)

VM Mutex/Monitor currently owned by a thread:  ([mutex/lock_event])
[0x00007ff9b8133910] Threads_lock - owner thread: 0x00000210a3b39980
[0x00007ff9b8133a10] Heap_lock - owner thread: 0x0000021090b265c0

Heap address: 0x0000000704000000, size: 4032 MB, Compressed Oops mode: Zero based, Oop shift amount: 3

CDS archive(s) mapped at: [0x00000210a7000000-0x00000210a7d70000-0x00000210a7d70000), size 14090240, SharedBaseAddress: 0x00000210a7000000, ArchiveRelocationMode: 1.
Compressed class space mapped at: 0x00000210a8000000-0x00000210e8000000, reserved size: 1073741824
Narrow klass base: 0x00000210a7000000, Narrow klass shift: 0, Narrow klass range: 0x41000000

GC Precious Log:
 CardTable entry size: 512
 Card Set container configuration: InlinePtr #cards 4 size 8 Array Of Cards #cards 16 size 48 Howl #buckets 8 coarsen threshold 3686 Howl Bitmap #cards 512 size 80 coarsen threshold 460 Card regions per heap region 1 cards per card region 4096
 CPUs: 12 total, 12 available
 Memory: 16122M
 Large Page Support: Disabled
 NUMA Support: Disabled
 Compressed Oops: Enabled (Zero based)
 Heap Region Size: 2M
 Heap Min Capacity: 8M
 Heap Initial Capacity: 252M
 Heap Max Capacity: 4032M
 Pre-touch: Disabled
 Parallel Workers: 10
 Concurrent Workers: 3
 Concurrent Refinement Workers: 10
 Periodic GC: Disabled

Heap:
 garbage-first heap   total reserved 4128768K, committed 61440K, used 29348K [0x0000000704000000, 0x0000000800000000)
  region size 2048K, 2 young (4096K), 2 survivors (4096K)
 Metaspace       used 50872K, committed 51456K, reserved 1114112K
  class space    used 7334K, committed 7552K, reserved 1048576K

Heap Regions: E=young(eden), S=young(survivor), O=old, HS=humongous(starts), HC=humongous(continues), CS=collection set, F=free, TAMS=top-at-mark-start, PB=parsable bottom
|   0|0x0000000704000000, 0x0000000704200000, 0x0000000704200000|100%| O|  |TAMS 0x0000000704000000| PB 0x0000000704000000| Untracked |  0
|   1|0x0000000704200000, 0x0000000704400000, 0x0000000704400000|100%| O|  |TAMS 0x0000000704200000| PB 0x0000000704200000| Untracked |  0
|   2|0x0000000704400000, 0x0000000704600000, 0x0000000704600000|100%| O|  |TAMS 0x0000000704400000| PB 0x0000000704400000| Untracked |  0
|   3|0x0000000704600000, 0x0000000704800000, 0x0000000704800000|100%| O|  |TAMS 0x0000000704600000| PB 0x0000000704600000| Untracked |  0
|   4|0x0000000704800000, 0x0000000704a00000, 0x0000000704a00000|100%| O|  |TAMS 0x0000000704800000| PB 0x0000000704800000| Untracked |  0
|   5|0x0000000704a00000, 0x0000000704b3c560, 0x0000000704c00000| 61%| O|  |TAMS 0x0000000704a00000| PB 0x0000000704a00000| Untracked |  0
|   6|0x0000000704c00000, 0x0000000704e00000, 0x0000000704e00000|100%| O|  |TAMS 0x0000000704c00000| PB 0x0000000704c00000| Untracked |  0
|   7|0x0000000704e00000, 0x0000000705000000, 0x0000000705000000|100%| O|  |TAMS 0x0000000704e00000| PB 0x0000000704e00000| Untracked |  0
|   8|0x0000000705000000, 0x0000000705200000, 0x0000000705200000|100%| O|  |TAMS 0x0000000705000000| PB 0x0000000705000000| Untracked |  0
|   9|0x0000000705200000, 0x0000000705400000, 0x0000000705400000|100%| O|  |TAMS 0x0000000705200000| PB 0x0000000705200000| Untracked |  0
|  10|0x0000000705400000, 0x0000000705600000, 0x0000000705600000|100%| O|  |TAMS 0x0000000705400000| PB 0x0000000705400000| Untracked |  0
|  11|0x0000000705600000, 0x0000000705800000, 0x0000000705800000|100%| O|  |TAMS 0x0000000705600000| PB 0x0000000705600000| Untracked |  0
|  12|0x0000000705800000, 0x0000000705a00000, 0x0000000705a00000|100%| O|  |TAMS 0x0000000705800000| PB 0x0000000705800000| Untracked |  0
|  13|0x0000000705a00000, 0x0000000705a00000, 0x0000000705c00000|  0%| F|  |TAMS 0x0000000705a00000| PB 0x0000000705a00000| Untracked |  0
|  14|0x0000000705c00000, 0x0000000705d6cad8, 0x0000000705e00000| 71%| S|CS|TAMS 0x0000000705c00000| PB 0x0000000705c00000| Complete |  0
|  15|0x0000000705e00000, 0x0000000706000000, 0x0000000706000000|100%| S|CS|TAMS 0x0000000705e00000| PB 0x0000000705e00000| Complete |  0
|  16|0x0000000706000000, 0x0000000706000000, 0x0000000706200000|  0%| F|  |TAMS 0x0000000706000000| PB 0x0000000706000000| Untracked |  0
|  17|0x0000000706200000, 0x0000000706200000, 0x0000000706400000|  0%| F|  |TAMS 0x0000000706200000| PB 0x0000000706200000| Untracked |  0
|  18|0x0000000706400000, 0x0000000706400000, 0x0000000706600000|  0%| F|  |TAMS 0x0000000706400000| PB 0x0000000706400000| Untracked |  0
|  19|0x0000000706600000, 0x0000000706600000, 0x0000000706800000|  0%| F|  |TAMS 0x0000000706600000| PB 0x0000000706600000| Untracked |  0
|  20|0x0000000706800000, 0x0000000706800000, 0x0000000706a00000|  0%| F|  |TAMS 0x0000000706800000| PB 0x0000000706800000| Untracked |  0
|  21|0x0000000706a00000, 0x0000000706a00000, 0x0000000706c00000|  0%| F|  |TAMS 0x0000000706a00000| PB 0x0000000706a00000| Untracked |  0
|  22|0x0000000706c00000, 0x0000000706c00000, 0x0000000706e00000|  0%| F|  |TAMS 0x0000000706c00000| PB 0x0000000706c00000| Untracked |  0
|  23|0x0000000706e00000, 0x0000000706e00000, 0x0000000707000000|  0%| F|  |TAMS 0x0000000706e00000| PB 0x0000000706e00000| Untracked |  0
|  24|0x0000000707000000, 0x0000000707000000, 0x0000000707200000|  0%| F|  |TAMS 0x0000000707000000| PB 0x0000000707000000| Untracked |  0
|  25|0x0000000707200000, 0x0000000707200000, 0x0000000707400000|  0%| F|  |TAMS 0x0000000707200000| PB 0x0000000707200000| Untracked |  0
|  98|0x0000000710400000, 0x0000000710400000, 0x0000000710600000|  0%| F|  |TAMS 0x0000000710400000| PB 0x0000000710400000| Untracked |  0
|  99|0x0000000710600000, 0x0000000710600000, 0x0000000710800000|  0%| F|  |TAMS 0x0000000710600000| PB 0x0000000710600000| Untracked |  0
| 100|0x0000000710800000, 0x0000000710800000, 0x0000000710a00000|  0%| F|  |TAMS 0x0000000710800000| PB 0x0000000710800000| Untracked |  0
| 125|0x0000000713a00000, 0x0000000713a00000, 0x0000000713c00000|  0%| F|  |TAMS 0x0000000713a00000| PB 0x0000000713a00000| Untracked |  0

Card table byte_map: [0x000002109f270000,0x000002109fa50000] _byte_map_base: 0x000002109ba50000

Marking Bits: (CMBitMap*) 0x0000021092e76310
 Bits: [0x000002109fa50000, 0x00000210a3950000)

Polling page: 0x0000021090c90000

Metaspace:

Usage:
  Non-class:     42.52 MB used.
      Class:      7.16 MB used.
       Both:     49.68 MB used.

Virtual space:
  Non-class space:       64.00 MB reserved,      42.88 MB ( 67%) committed,  1 nodes.
      Class space:        1.00 GB reserved,       7.38 MB ( <1%) committed,  1 nodes.
             Both:        1.06 GB reserved,      50.25 MB (  5%) committed. 

Chunk freelists:
   Non-Class:  5.16 MB
       Class:  8.50 MB
        Both:  13.66 MB

MaxMetaspaceSize: unlimited
CompressedClassSpaceSize: 1.00 GB
Initial GC threshold: 21.00 MB
Current GC threshold: 59.00 MB
CDS: on
 - commit_granule_bytes: 65536.
 - commit_granule_words: 8192.
 - virtual_space_node_default_size: 8388608.
 - enlarge_chunks_in_place: 1.
 - use_allocation_guard: 0.


Internal statistics:

num_allocs_failed_limit: 6.
num_arena_births: 802.
num_arena_deaths: 0.
num_vsnodes_births: 2.
num_vsnodes_deaths: 0.
num_space_committed: 804.
num_space_uncommitted: 0.
num_chunks_returned_to_freelist: 6.
num_chunks_taken_from_freelist: 2497.
num_chunk_merges: 6.
num_chunk_splits: 1823.
num_chunks_enlarged: 1415.
num_inconsistent_stats: 0.

CodeCache: size=49152Kb used=9853Kb max_used=9853Kb free=39298Kb
 bounds [0x000002109b530000, 0x000002109bed0000, 0x000002109e530000]
 total_blobs=6181, nmethods=5544, adapters=558, full_count=0
Compilation: enabled, stopped_count=0, restarted_count=0

Compilation events (20 events):
Event: 4.578 Thread 0x00000210a6879f20 5581       1       net.bytebuddy.description.annotation.AnnotationList$ForLoadedAnnotations::get (6 bytes)
Event: 4.578 Thread 0x00000210a687f420 5582       1       net.bytebuddy.description.annotation.AnnotationList$ForLoadedAnnotations::get (17 bytes)
Event: 4.578 Thread 0x00000210a687f420 nmethod 5582 0x000002109bec8e88 code [0x000002109bec8fc0, 0x000002109bec9290]
Event: 4.578 Thread 0x00000210a6879f20 nmethod 5581 0x000002109bec9308 code [0x000002109bec9440, 0x000002109bec9710]
Event: 4.578 Thread 0x00000210a6879f20 5586       1       net.bytebuddy.description.annotation.AnnotationDescription$ForLoadedAnnotation::getAnnotationType (13 bytes)
Event: 4.578 Thread 0x00000210a687f420 5583       1       net.bytebuddy.description.annotation.AnnotationDescription$ForLoadedAnnotation::of (9 bytes)
Event: 4.578 Thread 0x00000210a687f420 nmethod 5583 0x000002109bec9788 code [0x000002109bec98a0, 0x000002109bec9ab8]
Event: 4.578 Thread 0x00000210a6879f20 nmethod 5586 0x000002109bec9b08 code [0x000002109bec9c40, 0x000002109bec9ef0]
Event: 4.578 Thread 0x00000210a687f420 5584       1       net.bytebuddy.description.annotation.AnnotationDescription$ForLoadedAnnotation::<init> (12 bytes)
Event: 4.578 Thread 0x00000210a6879f20 5585       1       net.bytebuddy.description.annotation.AnnotationDescription$ForLoadedAnnotation::<init> (15 bytes)
Event: 4.578 Thread 0x00000210a6879f20 nmethod 5585 0x000002109bec9f88 code [0x000002109beca0a0, 0x000002109beca210]
Event: 4.578 Thread 0x00000210a687f420 nmethod 5584 0x000002109beca288 code [0x000002109beca3a0, 0x000002109beca550]
Event: 4.578 Thread 0x00000210a687f420 5587       1       java.lang.ClassLoader::getResource (41 bytes)
Event: 4.579 Thread 0x00000210a687f420 nmethod 5587 0x000002109beca588 code [0x000002109beca6e0, 0x000002109beca910]
Event: 4.579 Thread 0x00000210a687f420 5588       1       net.bytebuddy.description.annotation.AnnotationList$AbstractBase::ofType (54 bytes)
Event: 4.579 Thread 0x00000210a66ac3c0 nmethod 5573 0x000002109beca988 code [0x000002109becace0, 0x000002109becc748]
Event: 4.579 Thread 0x00000210a687f420 nmethod 5588 0x000002109becc808 code [0x000002109becc9a0, 0x000002109beccdb8]
Event: 4.579 Thread 0x00000210a66188a0 nmethod 5569 0x000002109becce88 code [0x000002109becd3e0, 0x000002109becf240]
Event: 4.583 Thread 0x00000210a687f420 5589       1       java.util.Collections::emptyEnumeration (4 bytes)
Event: 4.583 Thread 0x00000210a687f420 nmethod 5589 0x000002109becf408 code [0x000002109becf520, 0x000002109becf5d0]

GC Heap History (19 events):
Event: 0.722 GC heap before
{Heap before GC invocations=0 (full 0):
 garbage-first heap   total reserved 4128768K, committed 258048K, used 22528K [0x0000000704000000, 0x0000000800000000)
  region size 2048K, 12 young (24576K), 0 survivors (0K)
 Metaspace       used 6664K, committed 6912K, reserved 1114112K
  class space    used 838K, committed 960K, reserved 1048576K
}
Event: 0.729 GC heap after
{Heap after GC invocations=1 (full 0):
 garbage-first heap   total reserved 4128768K, committed 258048K, used 12927K [0x0000000704000000, 0x0000000800000000)
  region size 2048K, 2 young (4096K), 2 survivors (4096K)
 Metaspace       used 6664K, committed 6912K, reserved 1114112K
  class space    used 838K, committed 960K, reserved 1048576K
}
Event: 1.332 GC heap before
{Heap before GC invocations=1 (full 0):
 garbage-first heap   total reserved 4128768K, committed 258048K, used 31359K [0x0000000704000000, 0x0000000800000000)
  region size 2048K, 11 young (22528K), 2 survivors (4096K)
 Metaspace       used 10746K, committed 11072K, reserved 1114112K
  class space    used 1474K, committed 1600K, reserved 1048576K
}
Event: 1.337 GC heap after
{Heap after GC invocations=2 (full 0):
 garbage-first heap   total reserved 4128768K, committed 258048K, used 12443K [0x0000000704000000, 0x0000000800000000)
  region size 2048K, 1 young (2048K), 1 survivors (2048K)
 Metaspace       used 10746K, committed 11072K, reserved 1114112K
  class space    used 1474K, committed 1600K, reserved 1048576K
}
Event: 2.026 GC heap before
{Heap before GC invocations=2 (full 0):
 garbage-first heap   total reserved 4128768K, committed 258048K, used 57499K [0x0000000704000000, 0x0000000800000000)
  region size 2048K, 25 young (51200K), 1 survivors (2048K)
 Metaspace       used 21104K, committed 21504K, reserved 1114112K
  class space    used 2957K, committed 3136K, reserved 1048576K
}
Event: 2.031 GC heap after
{Heap after GC invocations=3 (full 0):
 garbage-first heap   total reserved 4128768K, committed 258048K, used 16241K [0x0000000704000000, 0x0000000800000000)
  region size 2048K, 3 young (6144K), 3 survivors (6144K)
 Metaspace       used 21104K, committed 21504K, reserved 1114112K
  class space    used 2957K, committed 3136K, reserved 1048576K
}
Event: 2.325 GC heap before
{Heap before GC invocations=4 (full 0):
 garbage-first heap   total reserved 4128768K, committed 61440K, used 44913K [0x0000000704000000, 0x0000000800000000)
  region size 2048K, 18 young (36864K), 3 survivors (6144K)
 Metaspace       used 25462K, committed 25920K, reserved 1114112K
  class space    used 3528K, committed 3712K, reserved 1048576K
}
Event: 2.332 GC heap after
{Heap after GC invocations=5 (full 0):
 garbage-first heap   total reserved 4128768K, committed 61440K, used 18936K [0x0000000704000000, 0x0000000800000000)
  region size 2048K, 2 young (4096K), 2 survivors (4096K)
 Metaspace       used 25462K, committed 25920K, reserved 1114112K
  class space    used 3528K, committed 3712K, reserved 1048576K
}
Event: 2.697 GC heap before
{Heap before GC invocations=5 (full 0):
 garbage-first heap   total reserved 4128768K, committed 61440K, used 41464K [0x0000000704000000, 0x0000000800000000)
  region size 2048K, 13 young (26624K), 2 survivors (4096K)
 Metaspace       used 28151K, committed 28544K, reserved 1114112K
  class space    used 3908K, committed 4096K, reserved 1048576K
}
Event: 2.700 GC heap after
{Heap after GC invocations=6 (full 0):
 garbage-first heap   total reserved 4128768K, committed 61440K, used 20070K [0x0000000704000000, 0x0000000800000000)
  region size 2048K, 1 young (2048K), 1 survivors (2048K)
 Metaspace       used 28151K, committed 28544K, reserved 1114112K
  class space    used 3908K, committed 4096K, reserved 1048576K
}
Event: 3.083 GC heap before
{Heap before GC invocations=6 (full 0):
 garbage-first heap   total reserved 4128768K, committed 61440K, used 44646K [0x0000000704000000, 0x0000000800000000)
  region size 2048K, 13 young (26624K), 1 survivors (2048K)
 Metaspace       used 31809K, committed 32320K, reserved 1114112K
  class space    used 4515K, committed 4736K, reserved 1048576K
}
Event: 3.088 GC heap after
{Heap after GC invocations=7 (full 0):
 garbage-first heap   total reserved 4128768K, committed 61440K, used 21591K [0x0000000704000000, 0x0000000800000000)
  region size 2048K, 2 young (4096K), 2 survivors (4096K)
 Metaspace       used 31809K, committed 32320K, reserved 1114112K
  class space    used 4515K, committed 4736K, reserved 1048576K
}
Event: 3.426 GC heap before
{Heap before GC invocations=7 (full 0):
 garbage-first heap   total reserved 4128768K, committed 61440K, used 44119K [0x0000000704000000, 0x0000000800000000)
  region size 2048K, 14 young (28672K), 2 survivors (4096K)
 Metaspace       used 35536K, committed 36096K, reserved 1114112K
  class space    used 5104K, committed 5376K, reserved 1048576K
}
Event: 3.432 GC heap after
{Heap after GC invocations=8 (full 0):
 garbage-first heap   total reserved 4128768K, committed 61440K, used 23805K [0x0000000704000000, 0x0000000800000000)
  region size 2048K, 2 young (4096K), 2 survivors (4096K)
 Metaspace       used 35536K, committed 36096K, reserved 1114112K
  class space    used 5104K, committed 5376K, reserved 1048576K
}
Event: 3.882 GC heap before
{Heap before GC invocations=9 (full 0):
 garbage-first heap   total reserved 4128768K, committed 61440K, used 48381K [0x0000000704000000, 0x0000000800000000)
  region size 2048K, 14 young (28672K), 2 survivors (4096K)
 Metaspace       used 40506K, committed 41152K, reserved 1114112K
  class space    used 5811K, committed 6080K, reserved 1048576K
}
Event: 3.891 GC heap after
{Heap after GC invocations=10 (full 0):
 garbage-first heap   total reserved 4128768K, committed 61440K, used 25867K [0x0000000704000000, 0x0000000800000000)
  region size 2048K, 1 young (2048K), 1 survivors (2048K)
 Metaspace       used 40506K, committed 41152K, reserved 1114112K
  class space    used 5811K, committed 6080K, reserved 1048576K
}
Event: 4.255 GC heap before
{Heap before GC invocations=10 (full 0):
 garbage-first heap   total reserved 4128768K, committed 61440K, used 46347K [0x0000000704000000, 0x0000000800000000)
  region size 2048K, 12 young (24576K), 1 survivors (2048K)
 Metaspace       used 46051K, committed 46656K, reserved 1114112K
  class space    used 6680K, committed 6912K, reserved 1048576K
}
Event: 4.260 GC heap after
{Heap after GC invocations=11 (full 0):
 garbage-first heap   total reserved 4128768K, committed 61440K, used 27559K [0x0000000704000000, 0x0000000800000000)
  region size 2048K, 2 young (4096K), 2 survivors (4096K)
 Metaspace       used 46051K, committed 46656K, reserved 1114112K
  class space    used 6680K, committed 6912K, reserved 1048576K
}
Event: 4.584 GC heap before
{Heap before GC invocations=11 (full 0):
 garbage-first heap   total reserved 4128768K, committed 61440K, used 52135K [0x0000000704000000, 0x0000000800000000)
  region size 2048K, 14 young (28672K), 2 survivors (4096K)
 Metaspace       used 50872K, committed 51456K, reserved 1114112K
  class space    used 7334K, committed 7552K, reserved 1048576K
}

Dll operation events (11 events):
Event: 0.014 Loaded shared library C:\Program Files\Java\jdk-23\bin\java.dll
Event: 0.146 Loaded shared library C:\Program Files\Java\jdk-23\bin\zip.dll
Event: 0.152 Loaded shared library C:\Program Files\Java\jdk-23\bin\instrument.dll
Event: 0.156 Loaded shared library C:\Program Files\Java\jdk-23\bin\net.dll
Event: 0.158 Loaded shared library C:\Program Files\Java\jdk-23\bin\nio.dll
Event: 0.161 Loaded shared library C:\Program Files\Java\jdk-23\bin\zip.dll
Event: 0.202 Loaded shared library C:\Program Files\Java\jdk-23\bin\jimage.dll
Event: 0.283 Loaded shared library C:\Program Files\Java\jdk-23\bin\extnet.dll
Event: 0.294 Loaded shared library C:\Program Files\Java\jdk-23\bin\management.dll
Event: 0.308 Loaded shared library C:\Program Files\Java\jdk-23\bin\management_ext.dll
Event: 2.160 Loaded shared library C:\Program Files\Java\jdk-23\bin\sunmscapi.dll

Deoptimization events (0 events):
No events

Classes loaded (20 events):
Event: 4.422 Loading class jdk/internal/event/ThreadSleepEvent
Event: 4.422 Loading class jdk/internal/event/ThreadSleepEvent done
Event: 4.424 Loading class sun/reflect/generics/repository/FieldRepository
Event: 4.424 Loading class sun/reflect/generics/repository/FieldRepository done
Event: 4.438 Loading class jdk/internal/ValueBased
Event: 4.438 Loading class jdk/internal/ValueBased done
Event: 4.451 Loading class java/util/regex/Pattern$SliceS
Event: 4.451 Loading class java/util/regex/Pattern$SliceS done
Event: 4.470 Loading class sun/security/provider/MD5
Event: 4.470 Loading class sun/security/provider/MD5 done
Event: 4.470 Loading class sun/security/provider/ByteArrayAccess$LE
Event: 4.470 Loading class sun/security/provider/ByteArrayAccess$LE done
Event: 4.470 Loading class java/math/MutableBigInteger
Event: 4.471 Loading class java/math/MutableBigInteger done
Event: 4.528 Loading class java/util/stream/ReduceOps$1
Event: 4.528 Loading class java/util/stream/ReduceOps$1 done
Event: 4.528 Loading class java/util/stream/ReduceOps$1ReducingSink
Event: 4.528 Loading class java/util/stream/ReduceOps$1ReducingSink done
Event: 4.570 Loading class java/io/StringWriter
Event: 4.570 Loading class java/io/StringWriter done

Classes unloaded (0 events):
No events

Classes redefined (0 events):
No events

Internal exceptions (20 events):
Event: 3.353 Thread 0x0000021090b265c0 Exception <a 'java/lang/IncompatibleClassChangeError'{0x0000000706b5d708}: Found class java.lang.Object, but interface was expected> (0x0000000706b5d708) 
thrown [s\open\src\hotspot\share\interpreter\linkResolver.cpp, line 863]
Event: 3.356 Thread 0x0000021090b265c0 Exception <a 'java/lang/NoSuchMethodError'{0x0000000706ba90f0}: 'void java.lang.invoke.DirectMethodHandle$Holder.invokeStatic(java.lang.Object, java.lang.Object, java.lang.Object, int, java.lang.Object)'> (0x0000000706ba90f0) 
thrown [s\open\src\hotspot\share\interpreter\linkResolver.cpp, line 796]
Event: 3.357 Thread 0x0000021090b265c0 Exception <a 'java/lang/NoSuchMethodError'{0x0000000706bafad0}: 'java.lang.Object java.lang.invoke.DirectMethodHandle$Holder.newInvokeSpecial(java.lang.Object, java.lang.Object, java.lang.Object, int)'> (0x0000000706bafad0) 
thrown [s\open\src\hotspot\share\interpreter\linkResolver.cpp, line 796]
Event: 3.357 Thread 0x0000021090b265c0 Exception <a 'java/lang/NoSuchMethodError'{0x0000000706bb3968}: 'java.lang.Object java.lang.invoke.DirectMethodHandle$Holder.invokeSpecial(java.lang.Object, java.lang.Object, java.lang.Object, java.lang.Object, int)'> (0x0000000706bb3968) 
thrown [s\open\src\hotspot\share\interpreter\linkResolver.cpp, line 796]
Event: 3.357 Thread 0x0000021090b265c0 Exception <a 'java/lang/NoSuchMethodError'{0x0000000706bb6e18}: 'java.lang.Object java.lang.invoke.Invokers$Holder.linkToTargetMethod(java.lang.Object, java.lang.Object, int, java.lang.Object)'> (0x0000000706bb6e18) 
thrown [s\open\src\hotspot\share\interpreter\linkResolver.cpp, line 796]
Event: 3.482 Thread 0x0000021090b265c0 Exception <a 'java/lang/NoSuchMethodError'{0x00000007108cf140}: 'int java.lang.invoke.DirectMethodHandle$Holder.invokeVirtual(java.lang.Object, java.lang.Object, java.lang.Object, java.lang.Object)'> (0x00000007108cf140) 
thrown [s\open\src\hotspot\share\interpreter\linkResolver.cpp, line 796]
Event: 3.482 Thread 0x0000021090b265c0 Exception <a 'java/lang/NoSuchMethodError'{0x00000007108d2a18}: 'int java.lang.invoke.DelegatingMethodHandle$Holder.reinvoke_L(java.lang.Object, java.lang.Object, java.lang.Object, java.lang.Object)'> (0x00000007108d2a18) 
thrown [s\open\src\hotspot\share\interpreter\linkResolver.cpp, line 796]
Event: 3.506 Thread 0x0000021090b265c0 Exception <a 'java/io/FileNotFoundException'{0x00000007109e1960}> (0x00000007109e1960) 
thrown [s\open\src\hotspot\share\prims\jni.cpp, line 520]
Event: 3.555 Thread 0x0000021090b265c0 Exception <a 'java/lang/NoSuchMethodError'{0x000000071049e9c0}: 'int java.lang.invoke.DirectMethodHandle$Holder.invokeInterface(java.lang.Object, java.lang.Object, java.lang.Object, java.lang.Object)'> (0x000000071049e9c0) 
thrown [s\open\src\hotspot\share\interpreter\linkResolver.cpp, line 796]
Event: 3.575 Thread 0x0000021090b265c0 Exception <a 'java/lang/NoSuchMethodError'{0x00000007105b7390}: 'void java.lang.invoke.Invokers$Holder.invokeExact_MT(java.lang.Object, java.lang.Object, java.lang.Object, java.lang.Object)'> (0x00000007105b7390) 
thrown [s\open\src\hotspot\share\interpreter\linkResolver.cpp, line 796]
Event: 3.576 Thread 0x0000021090b265c0 Exception <a 'java/lang/NoSuchMethodError'{0x00000007105c17c0}: 'void java.lang.invoke.DelegatingMethodHandle$Holder.reinvoke_L(java.lang.Object, java.lang.Object, long)'> (0x00000007105c17c0) 
thrown [s\open\src\hotspot\share\interpreter\linkResolver.cpp, line 796]
Event: 3.629 Thread 0x0000021090b265c0 Exception <a 'java/lang/NoSuchMethodError'{0x00000007070d5b08}: 'java.lang.Object java.lang.invoke.DirectMethodHandle$Holder.newInvokeSpecial(java.lang.Object, java.lang.Object, java.lang.Object, java.lang.Object, java.lang.Object, java.lang.Object, java.lang.Object, java.lang.Object, java.lang.Object, java.lang.Object, java.lang.Object, java.lang.Object)'> (0x00000007070d5b08) 
thrown [s\open\src\hotspot\share\interpreter\linkResolver.cpp, line 796]
Event: 3.699 Thread 0x0000021090b265c0 Exception <a 'java/lang/NoSuchMethodError'{0x0000000706cbfc00}: 'void java.lang.invoke.DelegatingMethodHandle$Holder.reinvoke_L(java.lang.Object, java.lang.Object, java.lang.Object, java.lang.Object, int, java.lang.Object, java.lang.Object, java.lang.Object)'> (0x0000000706cbfc00) 
thrown [s\open\src\hotspot\share\interpreter\linkResolver.cpp, line 796]
Event: 4.129 Thread 0x0000021090b265c0 Exception <a 'java/lang/NoSuchMethodError'{0x0000000706a9f008}: method resolution failed> (0x0000000706a9f008) 
thrown [s\open\src\hotspot\share\prims\methodHandles.cpp, line 1145]
Event: 4.137 Thread 0x0000021090b265c0 Exception <a 'java/lang/NoSuchMethodError'{0x0000000706af6af8}: 'int java.lang.invoke.DirectMethodHandle$Holder.invokeStaticInit(java.lang.Object, java.lang.Object, java.lang.Object, java.lang.Object)'> (0x0000000706af6af8) 
thrown [s\open\src\hotspot\share\interpreter\linkResolver.cpp, line 796]
Event: 4.187 Thread 0x0000021090b265c0 Exception <a 'sun/nio/fs/WindowsException'{0x00000007068863c8}> (0x00000007068863c8) 
thrown [s\open\src\hotspot\share\prims\jni.cpp, line 520]
Event: 4.208 Thread 0x0000021090b265c0 Exception <a 'java/lang/NoSuchMethodError'{0x00000007069503b0}: 'int java.lang.invoke.DirectMethodHandle$Holder.invokeInterface(java.lang.Object, java.lang.Object, int)'> (0x00000007069503b0) 
thrown [s\open\src\hotspot\share\interpreter\linkResolver.cpp, line 796]
Event: 4.208 Thread 0x0000021090b265c0 Exception <a 'java/lang/IncompatibleClassChangeError'{0x00000007069541a0}: Found class java.lang.Object, but interface was expected> (0x00000007069541a0) 
thrown [s\open\src\hotspot\share\interpreter\linkResolver.cpp, line 863]
Event: 4.320 Thread 0x0000021090b265c0 Exception <a 'java/lang/NoSuchMethodError'{0x00000007108da4a0}: 'java.lang.Object java.lang.invoke.DirectMethodHandle$Holder.invokeStaticInit(java.lang.Object, java.lang.Object, java.lang.Object, java.lang.Object)'> (0x00000007108da4a0) 
thrown [s\open\src\hotspot\share\interpreter\linkResolver.cpp, line 796]
Event: 4.331 Thread 0x0000021090b265c0 Exception <a 'java/lang/NoSuchMethodError'{0x00000007109cb230}: 'int java.lang.invoke.Invokers$Holder.invokeExact_MT(java.lang.Object, java.lang.Object)'> (0x00000007109cb230) 
thrown [s\open\src\hotspot\share\interpreter\linkResolver.cpp, line 796]

VM Operations (20 events):
Event: 3.474 Executing VM operation: HandshakeAllThreads (Deoptimize) done
Event: 3.500 Executing VM operation: HandshakeAllThreads (Deoptimize)
Event: 3.500 Executing VM operation: HandshakeAllThreads (Deoptimize) done
Event: 3.534 Executing VM operation: HandshakeAllThreads (Deoptimize)
Event: 3.535 Executing VM operation: HandshakeAllThreads (Deoptimize) done
Event: 3.882 Executing VM operation: G1CollectForAllocation (G1 Evacuation Pause)
Event: 3.891 Executing VM operation: G1CollectForAllocation (G1 Evacuation Pause) done
Event: 4.188 Executing VM operation: HandshakeAllThreads (Deoptimize)
Event: 4.188 Executing VM operation: HandshakeAllThreads (Deoptimize) done
Event: 4.192 Executing VM operation: HandshakeAllThreads (Deoptimize)
Event: 4.193 Executing VM operation: HandshakeAllThreads (Deoptimize) done
Event: 4.207 Executing VM operation: HandshakeAllThreads (Deoptimize)
Event: 4.207 Executing VM operation: HandshakeAllThreads (Deoptimize) done
Event: 4.255 Executing VM operation: G1CollectForAllocation (G1 Evacuation Pause)
Event: 4.260 Executing VM operation: G1CollectForAllocation (G1 Evacuation Pause) done
Event: 4.423 Executing VM operation: HandshakeAllThreads (Deoptimize)
Event: 4.423 Executing VM operation: HandshakeAllThreads (Deoptimize) done
Event: 4.562 Executing VM operation: HandshakeAllThreads (Deoptimize)
Event: 4.562 Executing VM operation: HandshakeAllThreads (Deoptimize) done
Event: 4.584 Executing VM operation: G1CollectForAllocation (G1 Evacuation Pause)

Memory protections (0 events):
No events

Nmethod flushes (20 events):
Event: 3.442 Thread 0x00000210a3b39980 flushing  nmethod 0x000002109b89b408
Event: 3.442 Thread 0x00000210a3b39980 flushing  nmethod 0x000002109b89b888
Event: 3.442 Thread 0x00000210a3b39980 flushing  nmethod 0x000002109b89bc08
Event: 3.442 Thread 0x00000210a3b39980 flushing  nmethod 0x000002109b89c688
Event: 3.442 Thread 0x00000210a3b39980 flushing  nmethod 0x000002109b8d4588
Event: 3.442 Thread 0x00000210a3b39980 flushing  nmethod 0x000002109b8f4308
Event: 3.442 Thread 0x00000210a3b39980 flushing  nmethod 0x000002109b8f9f88
Event: 3.442 Thread 0x00000210a3b39980 flushing  nmethod 0x000002109b8fa288
Event: 3.442 Thread 0x00000210a3b39980 flushing  nmethod 0x000002109b919808
Event: 3.442 Thread 0x00000210a3b39980 flushing  nmethod 0x000002109b923b08
Event: 3.442 Thread 0x00000210a3b39980 flushing  nmethod 0x000002109b92f508
Event: 3.442 Thread 0x00000210a3b39980 flushing  nmethod 0x000002109b92fb08
Event: 3.442 Thread 0x00000210a3b39980 flushing  nmethod 0x000002109b935108
Event: 3.442 Thread 0x00000210a3b39980 flushing  nmethod 0x000002109b948408
Event: 3.442 Thread 0x00000210a3b39980 flushing  nmethod 0x000002109b974f88
Event: 3.442 Thread 0x00000210a3b39980 flushing  nmethod 0x000002109b9f0388
Event: 3.442 Thread 0x00000210a3b39980 flushing  nmethod 0x000002109ba20188
Event: 3.442 Thread 0x00000210a3b39980 flushing  nmethod 0x000002109ba81e08
Event: 3.442 Thread 0x00000210a3b39980 flushing  nmethod 0x000002109ba82208
Event: 3.442 Thread 0x00000210a3b39980 flushing  nmethod 0x000002109ba9aa08

Events (20 events):
Event: 0.269 Thread 0x0000021090b265c0 Thread added: 0x00000210ec243430
Event: 0.626 Thread 0x0000021090b265c0 Thread added: 0x00000210ec4a7340
Event: 0.649 Thread 0x00000210ec4a7340 Thread added: 0x00000210ec4bb1b0
Event: 0.676 Thread 0x00000210ec4bb1b0 Thread added: 0x00000210ec536f10
Event: 0.686 Thread 0x00000210ec4bb1b0 Thread added: 0x00000210ec545490
Event: 1.514 Thread 0x0000021090b265c0 Thread added: 0x00000210ece1a410
Event: 2.091 Thread 0x0000021090b265c0 Thread added: 0x00000210ed743a30
Event: 2.127 Thread 0x00000210ed743a30 Thread exited: 0x00000210ed743a30
Event: 2.167 Thread 0x00000210ece1a410 Thread exited: 0x00000210ece1a410
Event: 2.724 Thread 0x00000210ec4bb1b0 Thread added: 0x00000210ee087710
Event: 2.737 Thread 0x00000210ee087710 Thread exited: 0x00000210ee087710
Event: 3.240 Thread 0x00000210ec4bb1b0 Thread added: 0x00000210ee087da0
Event: 3.243 Thread 0x00000210ee087da0 Thread exited: 0x00000210ee087da0
Event: 3.746 Thread 0x00000210ec4bb1b0 Thread added: 0x00000210ee089150
Event: 3.750 Thread 0x00000210ee089150 Thread exited: 0x00000210ee089150
Event: 4.254 Thread 0x0000021090b265c0 Thread added: 0x00000210ee089e70
Event: 4.260 Thread 0x00000210ec4bb1b0 Thread added: 0x00000210ee0869f0
Event: 4.263 Thread 0x00000210ee0869f0 Thread exited: 0x00000210ee0869f0
Event: 4.271 Thread 0x0000021090b265c0 Thread added: 0x00000210ee087080
Event: 4.382 Thread 0x00000210ee087080 Thread added: 0x00000210ee089150


Dynamic libraries:
0x00007ff7c3c70000 - 0x00007ff7c3c80000 	C:\Program Files\Java\jdk-23\bin\java.exe
0x00007ffa47760000 - 0x00007ffa479c7000 	C:\WINDOWS\SYSTEM32\ntdll.dll
0x00007ffa46270000 - 0x00007ffa46339000 	C:\WINDOWS\System32\KERNEL32.DLL
0x00007ffa44890000 - 0x00007ffa44c81000 	C:\WINDOWS\System32\KERNELBASE.dll
0x00007ffa44270000 - 0x00007ffa443bb000 	C:\WINDOWS\System32\ucrtbase.dll
0x00007ffa2d740000 - 0x00007ffa2d757000 	C:\Program Files\Java\jdk-23\bin\jli.dll
0x00007ffa2d640000 - 0x00007ffa2d65b000 	C:\Program Files\Java\jdk-23\bin\VCRUNTIME140.dll
0x00007ffa460a0000 - 0x00007ffa46265000 	C:\WINDOWS\System32\USER32.dll
0x00007ffa29700000 - 0x00007ffa29993000 	C:\WINDOWS\WinSxS\amd64_microsoft.windows.common-controls_6595b64144ccf1df_6.0.26100.8037_none_3e092faae333b53b\COMCTL32.dll
0x00007ffa443c0000 - 0x00007ffa443e7000 	C:\WINDOWS\System32\win32u.dll
0x00007ffa45760000 - 0x00007ffa45809000 	C:\WINDOWS\System32\msvcrt.dll
0x00007ffa45b00000 - 0x00007ffa45b2b000 	C:\WINDOWS\System32\GDI32.dll
0x00007ffa44480000 - 0x00007ffa445ab000 	C:\WINDOWS\System32\gdi32full.dll
0x00007ffa44040000 - 0x00007ffa440e3000 	C:\WINDOWS\System32\msvcp_win.dll
0x00007ffa46460000 - 0x00007ffa46491000 	C:\WINDOWS\System32\IMM32.DLL
0x00007ffa2d730000 - 0x00007ffa2d73c000 	C:\Program Files\Java\jdk-23\bin\vcruntime140_1.dll
0x00007ff9ff2c0000 - 0x00007ff9ff34e000 	C:\Program Files\Java\jdk-23\bin\msvcp140.dll
0x00007ff9b74c0000 - 0x00007ff9b820f000 	C:\Program Files\Java\jdk-23\bin\server\jvm.dll
0x00007ffa45500000 - 0x00007ffa455bb000 	C:\WINDOWS\System32\ADVAPI32.dll
0x00007ffa45b60000 - 0x00007ffa45c07000 	C:\WINDOWS\System32\sechost.dll
0x00007ffa46340000 - 0x00007ffa46458000 	C:\WINDOWS\System32\RPCRT4.dll
0x00007ffa45810000 - 0x00007ffa45884000 	C:\WINDOWS\System32\WS2_32.dll
0x00007ffa42c40000 - 0x00007ffa42c9e000 	C:\WINDOWS\SYSTEM32\POWRPROF.dll
0x00007ffa396f0000 - 0x00007ffa39725000 	C:\WINDOWS\SYSTEM32\WINMM.dll
0x00007ffa39780000 - 0x00007ffa3978b000 	C:\WINDOWS\SYSTEM32\VERSION.dll
0x00007ffa42c20000 - 0x00007ffa42c34000 	C:\WINDOWS\SYSTEM32\UMPDC.dll
0x00007ffa42ef0000 - 0x00007ffa42f0b000 	C:\WINDOWS\SYSTEM32\kernel.appcore.dll
0x00007ffa2b8d0000 - 0x00007ffa2b8da000 	C:\Program Files\Java\jdk-23\bin\jimage.dll
0x00007ffa41f90000 - 0x00007ffa421d2000 	C:\WINDOWS\SYSTEM32\DBGHELP.DLL
0x00007ffa46870000 - 0x00007ffa46bf2000 	C:\WINDOWS\System32\combase.dll
0x00007ffa473f0000 - 0x00007ffa474c7000 	C:\WINDOWS\System32\OLEAUT32.dll
0x00007ffa19700000 - 0x00007ffa1973b000 	C:\WINDOWS\SYSTEM32\dbgcore.DLL
0x00007ffa44720000 - 0x00007ffa447c5000 	C:\WINDOWS\System32\bcryptPrimitives.dll
0x00007ffa1e250000 - 0x00007ffa1e25f000 	C:\Program Files\Java\jdk-23\bin\instrument.dll
0x00007ffa2b3e0000 - 0x00007ffa2b3fe000 	C:\Program Files\Java\jdk-23\bin\java.dll
0x00007ffa455c0000 - 0x00007ffa45755000 	C:\WINDOWS\System32\ole32.dll
0x00007ffa46c00000 - 0x00007ffa4735f000 	C:\WINDOWS\System32\SHELL32.dll
0x00007ffa445b0000 - 0x00007ffa4471a000 	C:\WINDOWS\System32\wintypes.dll
0x00007ffa44c90000 - 0x00007ffa454f4000 	C:\WINDOWS\System32\windows.storage.dll
0x00007ffa46690000 - 0x00007ffa46787000 	C:\WINDOWS\System32\SHCORE.dll
0x00007ffa47660000 - 0x00007ffa476c7000 	C:\WINDOWS\System32\shlwapi.dll
0x00007ffa43f60000 - 0x00007ffa43f89000 	C:\WINDOWS\SYSTEM32\profapi.dll
0x00007ffa2b270000 - 0x00007ffa2b287000 	C:\Program Files\Java\jdk-23\bin\zip.dll
0x00007ffa2b8c0000 - 0x00007ffa2b8d0000 	C:\Program Files\Java\jdk-23\bin\net.dll
0x00007ffa43460000 - 0x00007ffa434cb000 	C:\WINDOWS\system32\mswsock.dll
0x00007ffa2b290000 - 0x00007ffa2b2a6000 	C:\Program Files\Java\jdk-23\bin\nio.dll
0x00007ffa42920000 - 0x00007ffa42a4a000 	C:\WINDOWS\SYSTEM32\DNSAPI.dll
0x00007ffa428e0000 - 0x00007ffa42913000 	C:\WINDOWS\SYSTEM32\IPHLPAPI.DLL
0x00007ffa464a0000 - 0x00007ffa464aa000 	C:\WINDOWS\System32\NSI.dll
0x00007ffa2b260000 - 0x00007ffa2b269000 	C:\Program Files\Java\jdk-23\bin\extnet.dll
0x00007ffa3ac70000 - 0x00007ffa3ac7b000 	C:\Windows\System32\rasadhlp.dll
0x00007ffa3c220000 - 0x00007ffa3c2a6000 	C:\WINDOWS\System32\fwpuclnt.dll
0x00007ffa2b250000 - 0x00007ffa2b25a000 	C:\Program Files\Java\jdk-23\bin\management.dll
0x00007ffa2b240000 - 0x00007ffa2b24b000 	C:\Program Files\Java\jdk-23\bin\management_ext.dll
0x00007ffa47640000 - 0x00007ffa47648000 	C:\WINDOWS\System32\PSAPI.DLL
0x00007ffa43740000 - 0x00007ffa4375b000 	C:\WINDOWS\SYSTEM32\CRYPTSP.dll
0x00007ffa42e50000 - 0x00007ffa42e89000 	C:\WINDOWS\system32\rsaenh.dll
0x00007ffa43510000 - 0x00007ffa43542000 	C:\WINDOWS\SYSTEM32\USERENV.dll
0x00007ffa43f30000 - 0x00007ffa43f5a000 	C:\WINDOWS\SYSTEM32\bcrypt.dll
0x00007ffa43760000 - 0x00007ffa4376c000 	C:\WINDOWS\SYSTEM32\CRYPTBASE.dll
0x00007ffa0a390000 - 0x00007ffa0a3a8000 	C:\WINDOWS\system32\napinsp.dll
0x00007ffa0a370000 - 0x00007ffa0a382000 	C:\WINDOWS\System32\winrnr.dll
0x00007ffa0a340000 - 0x00007ffa0a362000 	C:\WINDOWS\system32\nlansp_c.dll
0x00007ffa155a0000 - 0x00007ffa155b6000 	C:\WINDOWS\system32\wshbth.dll
0x00007ffa29d30000 - 0x00007ffa29d86000 	C:\WINDOWS\SYSTEM32\pdh.dll
0x00007ffa18610000 - 0x00007ffa18622000 	C:\WINDOWS\System32\perfproc.dll
0x00007ffa17ca0000 - 0x00007ffa17cb1000 	C:\WINDOWS\System32\perfos.dll
0x00007ffa424a0000 - 0x00007ffa424b2000 	C:\WINDOWS\SYSTEM32\pfclient.dll
0x00007ffa2ae50000 - 0x00007ffa2ae5e000 	C:\Program Files\Java\jdk-23\bin\sunmscapi.dll
0x00007ffa440f0000 - 0x00007ffa44267000 	C:\WINDOWS\System32\CRYPT32.dll
0x00007ffa43960000 - 0x00007ffa43990000 	C:\WINDOWS\SYSTEM32\ncrypt.dll
0x00007ffa43910000 - 0x00007ffa4394f000 	C:\WINDOWS\SYSTEM32\NTASN1.dll

dbghelp: loaded successfully - version: 4.0.5 - missing functions: none
symbol engine: initialized successfully - sym options: 0x614 - pdb path: .;C:\Program Files\Java\jdk-23\bin;C:\WINDOWS\SYSTEM32;C:\WINDOWS\WinSxS\amd64_microsoft.windows.common-controls_6595b64144ccf1df_6.0.26100.8037_none_3e092faae333b53b;C:\Program Files\Java\jdk-23\bin\server

VM Arguments:
jvm_args: -XX:TieredStopAtLevel=1 -Dspring.output.ansi.enabled=always -Dcom.sun.management.jmxremote -Dspring.jmx.enabled=true -Dspring.liveBeansView.mbeanDomain -Dspring.application.admin.enabled=true -Dmanagement.endpoints.jmx.exposure.include=* -javaagent:C:\Program Files\JetBrains\IntelliJ IDEA 2025.3.3\lib\idea_rt.jar=59337 -Dfile.encoding=UTF-8 -Dsun.stdout.encoding=UTF-8 -Dsun.stderr.encoding=UTF-8 
java_command: demo.ticket_app.TicketAppApplication
java_class_path (initial): D:\ticket\ticket-app\target\classes;C:\Users\ASUS\.m2\repository\org\springframework\boot\spring-boot-starter-data-jpa\3.5.13\spring-boot-starter-data-jpa-3.5.13.jar;C:\Users\ASUS\.m2\repository\org\springframework\boot\spring-boot-starter\3.5.13\spring-boot-starter-3.5.13.jar;C:\Users\ASUS\.m2\repository\org\springframework\boot\spring-boot\3.5.13\spring-boot-3.5.13.jar;C:\Users\ASUS\.m2\repository\org\springframework\boot\spring-boot-autoconfigure\3.5.13\spring-boot-autoconfigure-3.5.13.jar;C:\Users\ASUS\.m2\repository\org\springframework\boot\spring-boot-starter-logging\3.5.13\spring-boot-starter-logging-3.5.13.jar;C:\Users\ASUS\.m2\repository\org\apache\logging\log4j\log4j-to-slf4j\2.24.3\log4j-to-slf4j-2.24.3.jar;C:\Users\ASUS\.m2\repository\org\apache\logging\log4j\log4j-api\2.24.3\log4j-api-2.24.3.jar;C:\Users\ASUS\.m2\repository\org\slf4j\jul-to-slf4j\2.0.17\jul-to-slf4j-2.0.17.jar;C:\Users\ASUS\.m2\repository\jakarta\annotation\jakarta.annotation-api\2.1.1\jakarta.annotation-api-2.1.1.jar;C:\Users\ASUS\.m2\repository\org\yaml\snakeyaml\2.4\snakeyaml-2.4.jar;C:\Users\ASUS\.m2\repository\org\springframework\boot\spring-boot-starter-jdbc\3.5.13\spring-boot-starter-jdbc-3.5.13.jar;C:\Users\ASUS\.m2\repository\com\zaxxer\HikariCP\6.3.3\HikariCP-6.3.3.jar;C:\Users\ASUS\.m2\repository\org\springframework\spring-jdbc\6.2.17\spring-jdbc-6.2.17.jar;C:\Users\ASUS\.m2\repository\org\hibernate\orm\hibernate-core\6.6.45.Final\hibernate-core-6.6.45.Final.jar;C:\Users\ASUS\.m2\repository\jakarta\persistence\jakarta.persistence-api\3.1.0\jakarta.persistence-api-3.1.0.jar;C:\Users\ASUS\.m2\repository\jakarta\transaction\jakarta.transaction-api\2.0.1\jakarta.transaction-api-2.0.1.jar;C:\Users\ASUS\.m2\repository\org\jboss\logging\jboss-logging\3.6.3.Final\jboss-logging-3.6.3.Final.jar;C:\Users\ASUS\.m2\repository\org\hibernate\common\hibernate-commons-annotations\7.0.3.Final\hibernate-commons-annotations-7.0.3.Final.jar;C:\Users\ASUS\.m2\repository\io\smallrye\jandex\3.2.0\jandex-3.2.0.jar;C:\Users\ASUS\.m2\repository\com\fasterxml\classmate\1.7.3\classmate-1.7.3.jar;C:\Users\ASUS\.m2\repository\net\bytebuddy\byte-buddy\1.17.8\byte-buddy-1.17.8.jar;C:\Users\ASUS\.m2\repository\org\glassfish\jaxb\jaxb-runtime\4.0.6\jaxb-runtime-4.0.6.jar;C:\Users\ASUS\.m2\repository\org\glassfish\jaxb\jaxb-core\4.0.6\jaxb-core-4.0.6.jar;C:\Users\ASUS\.m2\repository\org\glassfish\jaxb\txw2\4.0.6\txw2-4.0.6.jar;C:\Users\ASUS\.m2\repository\com\sun\istack\istack-commons-runtime\4.1.2\istack-commons-runtime-4.1.2.jar;C:\Users\ASUS\.m2\repository\jakarta\inject\jakarta.inject-api\2.0.1\jakarta.inject-api-2.0.1.jar;C:\Users\ASUS\.m2\repository\org\antlr\antlr4-runtime\4.13.0\antlr4-runtime-4.13.0.jar;C:\Users\ASUS\.m2\repository\org\springframework\data\spring-data-jpa\3.5.10\spring-data-jpa-3.5.10.jar;C:\Users\ASUS\.m2\repository\org\springframework\data\spring-data-commons\3.5.10\spring-data-commons-3.5.10.jar;C:\Users\ASUS\.m2\repository\org\springframework\spring-orm\6.2.17\spring-orm-6.2.17.jar;C:\Users\ASUS\.m2\repository\org\springframework\spring-beans\6.2.17\spring-beans-6.2.17.jar;C:\Users\ASUS\.m2\repository\org\slf4j\slf4j-api\2.0.17\slf4j-api-2.0.17.jar;C:\Users\ASUS\.m2\repository\org\springframework\spring-aspects\6.2.17\spring-aspects-6.2.17.jar;C:\Users\ASUS\.m2\repository\org\aspectj\aspectjweaver\1.9.25.1\aspectjweaver-1.9.25.1.jar;C:\Users\ASUS\.m2\repository\org\springframework\boot\spring-boot-starter-data-redis\3.5.13\spring-boot-starter-data-redis-3.5.13.jar;C:\Users\ASUS\.m2\repository\io\lettuce\lettuce-core\6.6.0.RELEASE\lettuce-core-6.6.0.RELEASE.jar;C:\Users\ASUS\.m2\repository\redis\clients\authentication\redis-authx-core\0.1.1-beta2\redis-authx-core-0.1.1-beta2.jar;C:\Users\ASUS\.m2\repository\io\netty\netty-common\4.1.132.Final\netty-common-4.1.132.Final.jar;C:\Users\ASUS\.m2\repository\io\netty\netty-handler\4.1.132.Final\netty-handler-4.1.132.Final.jar;C:\Users\ASUS\.m2\repository\io\netty\netty-resolver\4.1.132.Final\netty-resolver-4.1.132.Final.jar;C:\Users\ASUS\.m2\repository\io\netty\netty-buffer\4.1.132.Final\netty-buffer-4.1.132.Final.jar;C:\Users\ASUS\.m2\repository\io\netty\netty-transport-native-unix-common\4.1.132.Final\netty-transport-native-unix-common-4.1.132.Final.jar;C:\Users\ASUS\.m2\repository\io\netty\netty-codec\4.1.132.Final\netty-codec-4.1.132.Final.jar;C:\Users\ASUS\.m2\repository\io\netty\netty-transport\4.1.132.Final\netty-transport-4.1.132.Final.jar;C:\Users\ASUS\.m2\repository\io\projectreactor\reactor-core\3.7.17\reactor-core-3.7.17.jar;C:\Users\ASUS\.m2\repository\org\reactivestreams\reactive-streams\1.0.4\reactive-streams-1.0.4.jar;C:\Users\ASUS\.m2\repository\org\springframework\data\spring-data-redis\3.5.10\spring-data-redis-3.5.10.jar;C:\Users\ASUS\.m2\repository\org\springframework\data\spring-data-keyvalue\3.5.10\spring-data-keyvalue-3.5.10.jar;C:\Users\ASUS\.m2\repository\org\springframework\spring-oxm\6.2.17\spring-oxm-6.2.17.jar;C:\Users\ASUS\.m2\repository\org\springframework\boot\spring-boot-starter-mail\3.5.13\spring-boot-starter-mail-3.5.13.jar;C:\Users\ASUS\.m2\repository\org\springframework\spring-context-support\6.2.17\spring-context-support-6.2.17.jar;C:\Users\ASUS\.m2\repository\org\eclipse\angus\jakarta.mail\2.0.5\jakarta.mail-2.0.5.jar;C:\Users\ASUS\.m2\repository\jakarta\activation\jakarta.activation-api\2.1.4\jakarta.activation-api-2.1.4.jar;C:\Users\ASUS\.m2\repository\org\eclipse\angus\angus-activation\2.0.3\angus-activation-2.0.3.jar;C:\Users\ASUS\.m2\repository\org\springframework\boot\spring-boot-starter-security\3.5.13\spring-boot-starter-security-3.5.13.jar;C:\Users\ASUS\.m2\repository\org\springframework\spring-aop\6.2.17\spring-aop-6.2.17.jar;C:\Users\ASUS\.m2\repository\org\springframework\security\spring-security-config\6.5.9\spring-security-config-6.5.9.jar;C:\Users\ASUS\.m2\repository\org\springframework\security\spring-security-web\6.5.9\spring-security-web-6.5.9.jar;C:\Users\ASUS\.m2\repository\org\springframework\spring-expression\6.2.17\spring-expression-6.2.17.jar;C:\Users\ASUS\.m2\repository\org\springframework\boot\spring-boot-starter-validation\3.5.13\spring-boot-starter-validation-3.5.13.jar;C:\Users\ASUS\.m2\repository\org\apache\tomcat\embed\tomcat-embed-el\10.1.53\tomcat-embed-el-10.1.53.jar;C:\Users\ASUS\.m2\repository\org\hibernate\validator\hibernate-validator\8.0.3.Final\hibernate-validator-8.0.3.Final.jar;C:\Users\ASUS\.m2\repository\jakarta\validation\jakarta.validation-api\3.0.2\jakarta.validation-api-3.0.2.jar;C:\Users\ASUS\.m2\repository\org\springframework\boot\spring-boot-starter-web\3.5.13\spring-boot-starter-web-3.5.13.jar;C:\Users\ASUS\.m2\repository\org\springframework\boot\spring-boot-starter-json\3.5.13\spring-boot-starter-json-3.5.13.jar;C:\Users\ASUS\.m2\repository\com\fasterxml\jackson\datatype\jackson-datatype-jdk8\2.21.2\jackson-datatype-jdk8-2.21.2.jar;C:\Users\ASUS\.m2\repository\com\fasterxml\jackson\datatype\jackson-datatype-jsr310\2.21.2\jackson-datatype-jsr310-2.21.2.jar;C:\Users\ASUS\.m2\repository\com\fasterxml\jackson\module\jackson-module-parameter-names\2.21.2\jackson-module-parameter-names-2.21.2.jar;C:\Users\ASUS\.m2\repository\org\springframework\boot\spring-boot-starter-tomcat\3.5.13\spring-boot-starter-tomcat-3.5.13.jar;C:\Users\ASUS\.m2\repository\org\apache\tomcat\embed\tomcat-embed-core\10.1.53\tomcat-embed-core-10.1.53.jar;C:\Users\ASUS\.m2\repository\org\apache\tomcat\embed\tomcat-embed-websocket\10.1.53\tomcat-embed-websocket-10.1.53.jar;C:\Users\ASUS\.m2\repository\org\springframework\spring-web\6.2.17\spring-web-6.2.17.jar;C:\Users\ASUS\.m2\repository\org\springframework\spring-webmvc\6.2.17\spring-webmvc-6.2.17.jar;C:\Users\ASUS\.m2\repository\org\springframework\kafka\spring-kafka\3.3.14\spring-kafka-3.3.14.jar;C:\Users\ASUS\.m2\repository\org\springframework\spring-context\6.2.17\spring-context-6.2.17.jar;C:\Users\ASUS\.m2\repository\org\springframework\spring-messaging\6.2.17\spring-messaging-6.2.17.jar;C:\Users\ASUS\.m2\repository\org\springframework\spring-tx\6.2.17\spring-tx-6.2.17.jar;C:\Users\ASUS\.m2\repository\org\springframework\retry\spring-retry\2.0.12\spring-retry-2.0.12.jar;C:\Users\ASUS\.m2\repository\org\apache\kafka\kafka-clients\3.9.2\kafka-clients-3.9.2.jar;C:\Users\ASUS\.m2\repository\com\github\luben\zstd-jni\1.5.6-4\zstd-jni-1.5.6-4.jar;C:\Users\ASUS\.m2\repository\at\yawk\lz4\lz4-java\1.10.1\lz4-java-1.10.1.jar;C:\Users\ASUS\.m2\repository\org\xerial\snappy\snappy-java\1.1.10.5\snappy-java-1.1.10.5.jar;C:\Users\ASUS\.m2\repository\io\micrometer\micrometer-observation\1.15.10\micrometer-observation-1.15.10.jar;C:\Users\ASUS\.m2\repository\io\micrometer\micrometer-commons\1.15.10\micrometer-commons-1.15.10.jar;C:\Users\ASUS\.m2\repository\io\jsonwebtoken\jjwt-api\0.11.5\jjwt-api-0.11.5.jar;C:\Users\ASUS\.m2\repository\io\jsonwebtoken\jjwt-impl\0.11.5\jjwt-impl-0.11.5.jar;C:\Users\ASUS\.m2\repository\io\jsonwebtoken\jjwt-jackson\0.11.5\jjwt-jackson-0.11.5.jar;C:\Users\ASUS\.m2\repository\com\fasterxml\jackson\core\jackson-databind\2.21.2\jackson-databind-2.21.2.jar;C:\Users\ASUS\.m2\repository\com\fasterxml\jackson\core\jackson-annotations\2.21\jackson-annotations-2.21.jar;C:\Users\ASUS\.m2\repository\com\fasterxml\jackson\core\jackson-core\2.21.2\jackson-core-2.21.2.jar;C:\Users\ASUS\.m2\repository\org\postgresql\postgresql\42.7.10\postgresql-42.7.10.jar;C:\Users\ASUS\.m2\repository\org\checkerframework\checker-qual\3.52.0\checker-qual-3.52.0.jar;C:\Users\ASUS\.m2\repository\org\projectlombok\lombok\1.18.44\lombok-1.18.44.jar;C:\Users\ASUS\.m2\repository\jakarta\xml\bind\jakarta.xml.bind-api\4.0.4\jakarta.xml.bind-api-4.0.4.jar;C:\Users\ASUS\.m2\repository\org\springframework\spring-core\6.2.17\spring-core-6.2.17.jar;C:\Users\ASUS\.m2\repository\org\springframework\spring-jcl\6.2.17\spring-jcl-6.2.17.jar;C:\Users\ASUS\.m2\repository\ch\qos\logback\logback-core\1.5.32\logback-core-1.5.32.jar;C:\Users\ASUS\.m2\repository\ch\qos\logback\logback-classic\1.5.32\logback-classic-1.5.32.jar;C:\Users\ASUS\.m2\repository\org\springframework\security\spring-security-core\6.5.9\spring-security-core-6.5.9.jar;C:\Users\ASUS\.m2\repository\org\springframework\security\spring-security-crypto\6.5.9\spring-security-crypto-6.5.9.jar
Launcher Type: SUN_STANDARD

[Global flags]
     intx CICompilerCount                          = 4                                         {product} {ergonomic}
     uint ConcGCThreads                            = 3                                         {product} {ergonomic}
     uint G1ConcRefinementThreads                  = 10                                        {product} {ergonomic}
   size_t G1HeapRegionSize                         = 2097152                                   {product} {ergonomic}
   size_t InitialHeapSize                          = 264241152                                 {product} {ergonomic}
     bool ManagementServer                         = true                                      {product} {command line}
   size_t MarkStackSize                            = 4194304                                   {product} {ergonomic}
   size_t MarkStackSizeMax                         = 536870912                                 {product} {ergonomic}
   size_t MaxHeapSize                              = 4227858432                                {product} {ergonomic}
   size_t MaxNewSize                               = 2535456768                                {product} {ergonomic}
   size_t MinHeapDeltaBytes                        = 2097152                                   {product} {ergonomic}
   size_t MinHeapSize                              = 8388608                                   {product} {ergonomic}
    uintx NonNMethodCodeHeapSize                   = 4096                                   {pd product} {ergonomic}
    uintx NonProfiledCodeHeapSize                  = 0                                      {pd product} {ergonomic}
     bool ProfileInterpreter                       = false                                  {pd product} {command line}
    uintx ProfiledCodeHeapSize                     = 0                                      {pd product} {ergonomic}
   size_t SoftMaxHeapSize                          = 4227858432                             {manageable} {ergonomic}
     intx TieredStopAtLevel                        = 1                                         {product} {command line}
     bool UseCompressedOops                        = true                           {product lp64_product} {ergonomic}
     bool UseG1GC                                  = true                                      {product} {ergonomic}
     bool UseLargePagesIndividualAllocation        = false                                  {pd product} {ergonomic}

Logging:
Log output configuration:
 #0: stdout all=warning uptime,level,tags foldmultilines=false
 #1: stderr all=off uptime,level,tags foldmultilines=false

Environment Variables:
PATH=C:\Program Files\Common Files\Oracle\Java\javapath;C:\Program Files (x86)\Common Files\Oracle\Java\javapath;C:\WINDOWS\system32;C:\WINDOWS;C:\WINDOWS\System32\Wbem;C:\WINDOWS\System32\WindowsPowerShell\v1.0\;C:\WINDOWS\System32\OpenSSH\;C:\Program Files (x86)\NVIDIA Corporation\PhysX\Common;C:\Program Files (x86)\Windows Kits\10\Windows Performance Toolkit\;C:\Program Files\Git\cmd;C:\Program Files\dotnet\;C:\Program Files\NVIDIA Corporation\NVIDIA app\NvDLISR;C:\WINDOWS\system32;C:\WINDOWS;C:\WINDOWS\System32\Wbem;C:\WINDOWS\System32\WindowsPowerShell\v1.0\;C:\WINDOWS\System32\OpenSSH\;C:\Program Files\nodejs\;C:\Program Files\Microsoft SQL Server\150\Tools\Binn\;C:\Program Files\Microsoft SQL Server\Client SDK\ODBC\170\Tools\Binn\;C:\Program Files\Cloudflare\Cloudflare WARP\;C:\Program Files\Docker\Docker\resources\bin;C:\Users\ASUS\AppData\Local\Programs\Python\Python313\Scripts\;C:\Users\ASUS\AppData\Local\Programs\Python\Python313\;C:\Users\ASUS\AppData\Local\Microsoft\WindowsApps;C:\Users\ASUS\AppData\Local\Programs\Microsoft VS Code\bin;C:\Users\ASUS\AppData\Local\Android\Sdk;D:\SDK\flutter\bin;C:\msys64_update\ucrt64\bin;C:\Program Files\Java\jdk-22\bin;C:\Users\ASUS\.lmstudio\bin;C:\Users\ASUS\AppData\Roaming\npm;C:\Users\ASUS\.dotnet\tools;C:\Program Files\nodejs;C:\Program Files\JetBrains\IntelliJ IDEA Community Edition 2025.2.2\bin;C:\Users\ASUS\AppData\Local\Programs\MiKTeX\miktex\bin\x64\;C:\Users\ASUS\AppData\Local\Programs\Windsurf\bin;D:\Download\Antigravity\bin
USERNAME=ASUS
OS=Windows_NT
PROCESSOR_IDENTIFIER=Intel64 Family 6 Model 141 Stepping 1, GenuineIntel
TMP=C:\Users\ASUS\AppData\Local\Temp
TEMP=C:\Users\ASUS\AppData\Local\Temp




Periodic native trim disabled

---------------  S Y S T E M  ---------------

OS:
 Windows 11 , 64 bit Build 26100 (10.0.26100.7920)
OS uptime: 0 days 4:03 hours
Hyper-V role detected

CPU: total 12 (initial active 12) (6 cores per cpu, 2 threads per core) family 6 model 141 stepping 1 microcode 0x34, cx8, cmov, fxsr, ht, mmx, 3dnowpref, sse, sse2, sse3, ssse3, sse4.1, sse4.2, popcnt, lzcnt, tsc, tscinvbit, avx, avx2, aes, erms, clmul, bmi1, bmi2, adx, avx512f, avx512dq, avx512cd, avx512bw, avx512vl, sha, fma, vzeroupper, avx512_vpopcntdq, avx512_vpclmulqdq, avx512_vaes, avx512_vnni, clflush, clflushopt, clwb, avx512_vbmi2, avx512_vbmi, hv, rdtscp, rdpid, fsrm, gfni, avx512_bitalg, f16c, cet_ibt, cet_ss, avx512_ifma
Processor Information for the first 12 processors :
  Max Mhz: 2688, Current Mhz: 2688, Mhz Limit: 2688

Memory: 4k page, system-wide physical 16122M (1013M free)
TotalPageFile size 31219M (AvailPageFile size 36M)
current process WorkingSet (physical memory assigned to process): 202M, peak: 202M
current process commit charge ("private bytes"): 247M, peak: 391M

vm_info: Java HotSpot(TM) 64-Bit Server VM (23+37-2369) for windows-amd64 JRE (23+37-2369), built on 2024-08-20T16:01:23Z with MS VC++ 17.6 (VS2022)

END.
